TN:
SF:src/config.ts
FNF:0
FNH:0
DA:1,0
LF:1
LH:0
BRDA:3,0,0,0
BRDA:3,0,1,0
BRDA:4,1,0,0
BRDA:4,1,1,0
BRDA:7,2,0,0
BRDA:7,2,1,0
BRDA:8,3,0,0
BRDA:8,3,1,0
BRDA:10,4,0,0
BRDA:10,4,1,0
BRDA:13,5,0,0
BRDA:13,5,1,0
BRDA:17,6,0,0
BRDA:17,6,1,0
BRDA:18,7,0,0
BRDA:18,7,1,0
BRDA:21,8,0,0
BRDA:21,8,1,0
BRDA:24,9,0,0
BRDA:24,9,1,0
BRDA:25,10,0,0
BRDA:25,10,1,0
BRDA:26,11,0,0
BRDA:26,11,1,0
BRDA:27,12,0,0
BRDA:27,12,1,0
BRDA:28,13,0,0
BRDA:28,13,1,0
BRDA:31,14,0,0
BRDA:31,14,1,0
BRDA:32,15,0,0
BRDA:32,15,1,0
BRDA:36,16,0,0
BRDA:36,16,1,0
BRDA:37,17,0,0
BRDA:37,17,1,0
BRDA:38,18,0,0
BRDA:38,18,1,0
BRF:38
BRH:0
end_of_record
TN:
SF:src/loader.ts
FN:13,resolve
FNF:1
FNH:0
FNDA:0,resolve
DA:18,0
LF:1
LH:0
BRF:0
BRH:0
end_of_record
TN:
SF:src/constants/websocket.ts
FN:1,(anonymous_0)
FNF:1
FNH:0
FNDA:0,(anonymous_0)
DA:1,0
DA:2,0
DA:3,0
DA:4,0
LF:4
LH:0
BRDA:1,0,0,0
BRDA:1,0,1,0
BRF:2
BRH:0
end_of_record
TN:
SF:src/lib/redis.ts
FN:7,(anonymous_0)
FN:15,(anonymous_1)
FN:19,(anonymous_2)
FN:24,(anonymous_3)
FN:28,(anonymous_4)
FN:32,(anonymous_5)
FN:39,(anonymous_6)
FN:43,(anonymous_7)
FN:47,(anonymous_8)
FNF:9
FNH:0
FNDA:0,(anonymous_0)
FNDA:0,(anonymous_1)
FNDA:0,(anonymous_2)
FNDA:0,(anonymous_3)
FNDA:0,(anonymous_4)
FNDA:0,(anonymous_5)
FNDA:0,(anonymous_6)
FNDA:0,(anonymous_7)
FNDA:0,(anonymous_8)
DA:8,0
DA:15,0
DA:16,0
DA:19,0
DA:20,0
DA:25,0
DA:29,0
DA:33,0
DA:34,0
DA:36,0
DA:40,0
DA:44,0
DA:48,0
DA:53,0
DA:56,0
LF:15
LH:0
BRDA:33,0,0,0
BRF:1
BRH:0
end_of_record
TN:
SF:src/middleware/rate-limiter.ts
FNF:0
FNH:0
DA:3,0
LF:1
LH:0
BRF:0
BRH:0
end_of_record
TN:
SF:src/middleware/upload.ts
FN:14,(anonymous_0)
FNF:1
FNH:0
FNDA:0,(anonymous_0)
DA:7,0
DA:8,0
DA:20,0
DA:21,0
DA:23,0
DA:29,0
LF:6
LH:0
BRDA:20,0,0,0
BRDA:20,0,1,0
BRF:2
BRH:0
end_of_record
TN:
SF:src/schemas/syncSchemas.ts
FN:5,(anonymous_0)
FNF:1
FNH:0
FNDA:0,(anonymous_0)
DA:4,0
DA:6,0
DA:7,0
DA:8,0
DA:10,0
DA:17,0
DA:18,0
DA:19,0
DA:20,0
DA:23,0
DA:34,0
DA:39,0
DA:44,0
DA:51,0
DA:57,0
DA:64,0
DA:78,0
LF:17
LH:0
BRF:0
BRH:0
end_of_record
TN:
SF:src/scripts/index-products.ts
FN:6,main
FNF:1
FNH:0
FNDA:0,main
DA:4,0
DA:7,0
DA:9,0
DA:10,0
DA:12,0
DA:13,0
DA:14,0
DA:15,0
DA:18,0
DA:19,0
DA:20,0
DA:21,0
DA:24,0
DA:25,0
DA:28,0
DA:30,0
DA:31,0
DA:36,0
DA:37,0
LF:19
LH:0
BRDA:10,0,0,0
BRDA:10,0,1,0
BRDA:10,0,2,0
BRDA:36,1,0,0
BRF:4
BRH:0
end_of_record
TN:
SF:src/services/apple-auth.ts
FN:24,verifyAppleToken
FN:36,(anonymous_1)
FNF:2
FNH:0
FNDA:0,verifyAppleToken
FNDA:0,(anonymous_1)
DA:25,0
DA:27,0
DA:28,0
DA:31,0
DA:32,0
DA:33,0
DA:36,0
DA:37,0
DA:38,0
DA:42,0
DA:43,0
DA:44,0
DA:48,0
DA:54,0
DA:55,0
DA:58,0
DA:65,0
DA:66,0
LF:18
LH:0
BRDA:32,0,0,0
BRDA:32,1,0,0
BRDA:32,1,1,0
BRDA:32,1,2,0
BRDA:37,2,0,0
BRDA:54,3,0,0
BRDA:54,4,0,0
BRDA:54,4,1,0
BRF:8
BRH:0
end_of_record
TN:
SF:src/services/base.service.ts
FN:16,(anonymous_0)
FN:26,(anonymous_1)
FN:40,(anonymous_2)
FN:58,(anonymous_3)
FN:67,(anonymous_4)
FN:74,(anonymous_5)
FN:95,(anonymous_6)
FN:109,(anonymous_7)
FN:118,isServiceConfig
FN:125,isServiceConstructor
FNF:10
FNH:0
FNDA:0,(anonymous_0)
FNDA:0,(anonymous_1)
FNDA:0,(anonymous_2)
FNDA:0,(anonymous_3)
FNDA:0,(anonymous_4)
FNDA:0,(anonymous_5)
FNDA:0,(anonymous_6)
FNDA:0,(anonymous_7)
FNDA:0,isServiceConfig
FNDA:0,isServiceConstructor
DA:14,0
DA:17,0
DA:18,0
DA:19,0
DA:29,0
DA:30,0
DA:31,0
DA:33,0
DA:41,0
DA:42,0
DA:45,0
DA:46,0
DA:59,0
DA:60,0
DA:68,0
DA:75,0
DA:81,0
DA:98,0
DA:100,0
DA:101,0
DA:110,0
DA:111,0
DA:119,0
DA:128,0
LF:24
LH:0
BRDA:18,0,0,0
BRDA:30,1,0,0
BRDA:41,2,0,0
BRDA:59,3,0,0
BRDA:119,4,0,0
BRDA:119,4,1,0
BRDA:129,5,0,0
BRDA:129,5,1,0
BRDA:129,5,2,0
BRDA:129,5,3,0
BRF:10
BRH:0
end_of_record
TN:
SF:src/services/cache.service.ts
FN:21,(anonymous_0)
FN:26,(anonymous_1)
FN:27,(anonymous_2)
FN:30,(anonymous_3)
FN:37,(anonymous_4)
FN:47,(anonymous_5)
FN:69,(anonymous_6)
FN:90,(anonymous_7)
FN:97,(anonymous_8)
FN:104,(anonymous_9)
FN:111,(anonymous_10)
FN:118,(anonymous_11)
FN:130,(anonymous_12)
FN:132,(anonymous_13)
FN:136,(anonymous_14)
FN:144,(anonymous_15)
FN:167,(anonymous_16)
FN:178,(anonymous_17)
FNF:18
FNH:0
FNDA:0,(anonymous_0)
FNDA:0,(anonymous_1)
FNDA:0,(anonymous_2)
FNDA:0,(anonymous_3)
FNDA:0,(anonymous_4)
FNDA:0,(anonymous_5)
FNDA:0,(anonymous_6)
FNDA:0,(anonymous_7)
FNDA:0,(anonymous_8)
FNDA:0,(anonymous_9)
FNDA:0,(anonymous_10)
FNDA:0,(anonymous_11)
FNDA:0,(anonymous_12)
FNDA:0,(anonymous_13)
FNDA:0,(anonymous_14)
FNDA:0,(anonymous_15)
FNDA:0,(anonymous_16)
FNDA:0,(anonymous_17)
DA:16,0
DA:17,0
DA:18,0
DA:22,0
DA:23,0
DA:27,0
DA:31,0
DA:32,0
DA:33,0
DA:38,0
DA:39,0
DA:41,0
DA:48,0
DA:49,0
DA:51,0
DA:58,0
DA:61,0
DA:62,0
DA:70,0
DA:72,0
DA:73,0
DA:77,0
DA:78,0
DA:79,0
DA:83,0
DA:84,0
DA:91,0
DA:98,0
DA:105,0
DA:112,0
DA:119,0
DA:120,0
DA:121,0
DA:122,0
DA:131,0
DA:132,0
DA:135,0
DA:136,0
DA:137,0
DA:153,0
DA:154,0
DA:155,0
DA:158,0
DA:160,0
DA:161,0
DA:162,0
DA:164,0
DA:165,0
DA:166,0
DA:167,0
DA:171,0
DA:172,0
DA:179,0
DA:180,0
DA:185,0
LF:55
LH:0
BRDA:31,0,0,0
BRDA:38,1,0,0
BRDA:47,2,0,0
BRDA:48,3,0,0
BRDA:48,3,1,0
BRDA:49,4,0,0
BRDA:49,4,1,0
BRDA:61,5,0,0
BRDA:72,6,0,0
BRDA:77,7,0,0
BRDA:121,8,0,0
BRDA:147,9,0,0
BRDA:154,10,0,0
BRDA:160,11,0,0
BRDA:161,12,0,0
BRDA:161,12,1,0
BRF:16
BRH:0
end_of_record
TN:
SF:src/services/currency-service.ts
FN:7,(anonymous_0)
FN:15,(anonymous_1)
FN:39,(anonymous_2)
FN:58,(anonymous_3)
FNF:4
FNH:0
FNDA:0,(anonymous_0)
FNDA:0,(anonymous_1)
FNDA:0,(anonymous_2)
FNDA:0,(anonymous_3)
DA:8,0
DA:9,0
DA:10,0
DA:17,0
DA:18,0
DA:21,0
DA:22,0
DA:28,0
DA:29,0
DA:31,0
DA:32,0
DA:40,0
DA:43,0
DA:44,0
DA:48,0
DA:50,0
DA:52,0
DA:59,0
DA:64,0
LF:19
LH:0
BRDA:17,0,0,0
BRDA:17,1,0,0
BRDA:17,1,1,0
BRDA:43,2,0,0
BRDA:48,3,0,0
BRDA:48,3,1,0
BRDA:50,4,0,0
BRDA:50,4,1,0
BRF:8
BRH:0
end_of_record
TN:
SF:src/services/elastic-client.ts
FN:19,initializeElasticsearch
FN:98,(anonymous_1)
FNF:2
FNH:0
FNDA:0,initializeElasticsearch
FNDA:0,(anonymous_1)
DA:4,0
DA:7,0
DA:20,0
DA:22,0
DA:26,0
DA:28,0
DA:86,0
DA:89,0
DA:95,0
DA:98,0
DA:99,0
DA:100,0
DA:101,0
DA:103,0
DA:104,0
DA:109,0
LF:16
LH:0
BRDA:8,0,0,0
BRDA:8,0,1,0
BRDA:10,1,0,0
BRDA:10,1,1,0
BRDA:11,2,0,0
BRDA:11,2,1,0
BRDA:26,3,0,0
BRF:7
BRH:0
end_of_record
TN:
SF:src/services/email.service.ts
FN:14,(anonymous_0)
FN:26,(anonymous_1)
FNF:2
FNH:0
FNDA:0,(anonymous_0)
FNDA:0,(anonymous_1)
DA:15,0
DA:27,0
DA:28,0
DA:36,0
DA:37,0
LF:5
LH:0
BRDA:17,0,0,0
BRDA:17,0,1,0
BRF:2
BRH:0
end_of_record
TN:
SF:src/services/email.ts
FN:25,sendEmail
FN:43,(anonymous_1)
FN:44,(anonymous_2)
FNF:3
FNH:0
FNDA:0,sendEmail
FNDA:0,(anonymous_1)
FNDA:0,(anonymous_2)
DA:11,0
DA:26,0
DA:27,0
DA:35,0
DA:36,0
DA:41,0
DA:43,0
DA:44,0
LF:8
LH:0
BRDA:13,0,0,0
BRDA:13,0,1,0
BRDA:28,1,0,0
BRDA:28,1,1,0
BRF:4
BRH:0
end_of_record
TN:
SF:src/services/facebook-auth.ts
FN:14,verifyFacebookToken
FNF:1
FNH:0
FNDA:0,verifyFacebookToken
DA:15,0
DA:16,0
DA:23,0
DA:24,0
DA:25,0
DA:28,0
DA:35,0
DA:36,0
LF:8
LH:0
BRDA:24,0,0,0
BRF:1
BRH:0
end_of_record
TN:
SF:src/services/google-auth.ts
FN:13,verifyGoogleToken
FNF:1
FNH:0
FNDA:0,verifyGoogleToken
DA:3,0
DA:14,0
DA:15,0
DA:20,0
DA:21,0
DA:22,0
DA:25,0
DA:26,0
DA:29,0
DA:37,0
DA:38,0
LF:11
LH:0
BRDA:21,0,0,0
BRDA:25,1,0,0
BRF:2
BRH:0
end_of_record
TN:
SF:src/services/image-processor.ts
FN:13,preprocessImage
FN:72,deskewImage
FN:107,cropToContent
FN:149,detectSkewAngle
FN:193,detectTextRegions
FN:282,findMainRegion
FN:284,(anonymous_6)
FN:299,findPeaks
FNF:8
FNH:0
FNDA:0,preprocessImage
FNDA:0,deskewImage
FNDA:0,cropToContent
FNDA:0,detectSkewAngle
FNDA:0,detectTextRegions
FNDA:0,findMainRegion
FNDA:0,(anonymous_6)
FNDA:0,findPeaks
DA:14,0
DA:16,0
DA:17,0
DA:20,0
DA:21,0
DA:25,0
DA:54,0
DA:56,0
DA:63,0
DA:65,0
DA:73,0
DA:75,0
DA:76,0
DA:79,0
DA:80,0
DA:84,0
DA:87,0
DA:90,0
DA:93,0
DA:94,0
DA:97,0
DA:99,0
DA:100,0
DA:108,0
DA:110,0
DA:111,0
DA:114,0
DA:115,0
DA:119,0
DA:122,0
DA:125,0
DA:128,0
DA:129,0
DA:130,0
DA:140,0
DA:142,0
DA:143,0
DA:151,0
DA:152,0
DA:153,0
DA:156,0
DA:157,0
DA:159,0
DA:160,0
DA:161,0
DA:162,0
DA:168,0
DA:171,0
DA:173,0
DA:175,0
DA:178,0
DA:180,0
DA:181,0
DA:194,0
DA:195,0
DA:196,0
DA:199,0
DA:200,0
DA:203,0
DA:205,0
DA:206,0
DA:207,0
DA:208,0
DA:209,0
DA:218,0
DA:219,0
DA:221,0
DA:222,0
DA:223,0
DA:224,0
DA:225,0
DA:227,0
DA:228,0
DA:231,0
DA:237,0
DA:238,0
DA:239,0
DA:241,0
DA:249,0
DA:250,0
DA:251,0
DA:253,0
DA:254,0
DA:255,0
DA:256,0
DA:261,0
DA:262,0
DA:263,0
DA:264,0
DA:265,0
DA:268,0
DA:269,0
DA:275,0
DA:277,0
DA:278,0
DA:284,0
DA:287,0
DA:288,0
DA:290,0
DA:300,0
DA:301,0
DA:302,0
DA:304,0
DA:305,0
DA:307,0
DA:308,0
DA:313,0
LF:107
LH:0
BRDA:17,0,0,0
BRDA:17,1,0,0
BRDA:17,2,0,0
BRDA:20,3,0,0
BRDA:20,4,0,0
BRDA:20,4,1,0
BRDA:58,5,0,0
BRDA:58,5,1,0
BRDA:59,6,0,0
BRDA:59,6,1,0
BRDA:60,7,0,0
BRDA:60,7,1,0
BRDA:76,8,0,0
BRDA:76,9,0,0
BRDA:79,10,0,0
BRDA:79,11,0,0
BRDA:79,11,1,0
BRDA:93,12,0,0
BRDA:111,13,0,0
BRDA:111,14,0,0
BRDA:114,15,0,0
BRDA:114,16,0,0
BRDA:114,16,1,0
BRDA:128,17,0,0
BRDA:153,18,0,0
BRDA:153,19,0,0
BRDA:161,20,0,0
BRDA:171,21,0,0
BRDA:196,22,0,0
BRDA:196,23,0,0
BRDA:208,24,0,0
BRDA:208,25,0,0
BRDA:208,25,1,0
BRDA:241,26,0,0
BRDA:242,27,0,0
BRDA:242,27,1,0
BRDA:242,27,2,0
BRDA:242,27,3,0
BRDA:242,27,4,0
BRDA:242,27,5,0
BRDA:268,28,0,0
BRDA:305,29,0,0
BRDA:305,30,0,0
BRDA:305,30,1,0
BRDA:305,30,2,0
BRDA:307,31,0,0
BRDA:307,32,0,0
BRDA:307,32,1,0
BRF:48
BRH:0
end_of_record
TN:
SF:src/services/image-service.ts
FN:10,(anonymous_0)
FN:18,(anonymous_1)
FN:39,(anonymous_2)
FN:40,(anonymous_3)
FN:44,(anonymous_4)
FN:56,(anonymous_5)
FNF:6
FNH:0
FNDA:0,(anonymous_0)
FNDA:0,(anonymous_1)
FNDA:0,(anonymous_2)
FNDA:0,(anonymous_3)
FNDA:0,(anonymous_4)
FNDA:0,(anonymous_5)
DA:7,0
DA:8,0
DA:11,0
DA:15,0
DA:20,0
DA:21,0
DA:25,0
DA:26,0
DA:29,0
DA:30,0
DA:31,0
DA:32,0
DA:39,0
DA:40,0
DA:41,0
DA:44,0
DA:45,0
DA:46,0
DA:49,0
DA:52,0
DA:57,0
DA:58,0
DA:59,0
DA:61,0
DA:62,0
DA:65,0
DA:66,0
DA:68,0
LF:28
LH:0
BRDA:20,0,0,0
BRDA:25,1,0,0
BRDA:61,2,0,0
BRF:3
BRH:0
end_of_record
TN:
SF:src/services/ingredient.service.ts
FN:21,(anonymous_0)
FN:25,(anonymous_1)
FN:32,(anonymous_2)
FN:36,(anonymous_3)
FN:60,(anonymous_4)
FN:87,(anonymous_5)
FN:93,(anonymous_6)
FN:131,(anonymous_7)
FN:146,(anonymous_8)
FN:189,(anonymous_9)
FN:204,(anonymous_10)
FN:218,(anonymous_11)
FN:245,(anonymous_12)
FN:247,(anonymous_13)
FN:254,(anonymous_14)
FN:274,(anonymous_15)
FN:283,(anonymous_16)
FN:291,(anonymous_17)
FN:310,(anonymous_18)
FNF:19
FNH:0
FNDA:0,(anonymous_0)
FNDA:0,(anonymous_1)
FNDA:0,(anonymous_2)
FNDA:0,(anonymous_3)
FNDA:0,(anonymous_4)
FNDA:0,(anonymous_5)
FNDA:0,(anonymous_6)
FNDA:0,(anonymous_7)
FNDA:0,(anonymous_8)
FNDA:0,(anonymous_9)
FNDA:0,(anonymous_10)
FNDA:0,(anonymous_11)
FNDA:0,(anonymous_12)
FNDA:0,(anonymous_13)
FNDA:0,(anonymous_14)
FNDA:0,(anonymous_15)
FNDA:0,(anonymous_16)
FNDA:0,(anonymous_17)
FNDA:0,(anonymous_18)
DA:19,0
DA:22,0
DA:26,0
DA:27,0
DA:29,0
DA:33,0
DA:37,0
DA:38,0
DA:40,0
DA:41,0
DA:61,0
DA:72,0
DA:73,0
DA:83,0
DA:84,0
DA:88,0
DA:98,0
DA:99,0
DA:100,0
DA:103,0
DA:104,0
DA:107,0
DA:114,0
DA:115,0
DA:125,0
DA:132,0
DA:133,0
DA:134,0
DA:137,0
DA:138,0
DA:141,0
DA:147,0
DA:149,0
DA:150,0
DA:153,0
DA:154,0
DA:157,0
DA:158,0
DA:161,0
DA:162,0
DA:165,0
DA:166,0
DA:169,0
DA:170,0
DA:171,0
DA:172,0
DA:173,0
DA:174,0
DA:177,0
DA:178,0
DA:181,0
DA:190,0
DA:205,0
DA:226,0
DA:239,0
DA:245,0
DA:247,0
DA:255,0
DA:270,0
DA:271,0
DA:275,0
DA:284,0
DA:296,0
DA:305,0
DA:306,0
DA:311,0
DA:317,0
LF:67
LH:0
BRDA:26,0,0,0
BRDA:38,1,0,0
BRDA:43,2,0,0
BRDA:43,2,1,0
BRDA:48,3,0,0
BRDA:48,3,1,0
BRDA:67,4,0,0
BRDA:67,4,1,0
BRDA:72,5,0,0
BRDA:99,6,0,0
BRDA:103,7,0,0
BRDA:114,8,0,0
BRDA:133,9,0,0
BRDA:137,10,0,0
BRDA:149,11,0,0
BRDA:153,12,0,0
BRDA:157,13,0,0
BRDA:161,14,0,0
BRDA:165,15,0,0
BRDA:169,16,0,0
BRDA:171,17,0,0
BRDA:172,18,0,0
BRDA:173,19,0,0
BRDA:174,20,0,0
BRDA:177,21,0,0
BRDA:184,22,0,0
BRDA:184,22,1,0
BRDA:185,23,0,0
BRDA:185,23,1,0
BRDA:245,24,0,0
BRDA:245,24,1,0
BRDA:259,25,0,0
BRDA:259,25,1,0
BRDA:260,26,0,0
BRDA:260,26,1,0
BRDA:305,27,0,0
BRF:36
BRH:0
end_of_record
TN:
SF:src/services/redis.ts
FN:7,(anonymous_0)
FN:15,(anonymous_1)
FN:19,(anonymous_2)
FN:24,(anonymous_3)
FN:28,(anonymous_4)
FN:32,(anonymous_5)
FN:39,(anonymous_6)
FN:43,(anonymous_7)
FN:47,(anonymous_8)
FNF:9
FNH:0
FNDA:0,(anonymous_0)
FNDA:0,(anonymous_1)
FNDA:0,(anonymous_2)
FNDA:0,(anonymous_3)
FNDA:0,(anonymous_4)
FNDA:0,(anonymous_5)
FNDA:0,(anonymous_6)
FNDA:0,(anonymous_7)
FNDA:0,(anonymous_8)
DA:8,0
DA:15,0
DA:16,0
DA:19,0
DA:20,0
DA:25,0
DA:29,0
DA:33,0
DA:34,0
DA:36,0
DA:40,0
DA:44,0
DA:48,0
DA:53,0
DA:56,0
LF:15
LH:0
BRDA:33,0,0,0
BRF:1
BRH:0
end_of_record
TN:
SF:src/services/thumbnail.service.ts
FN:20,(anonymous_0)
FN:22,(anonymous_1)
FN:27,(anonymous_2)
FN:36,(anonymous_3)
FN:43,(anonymous_4)
FN:52,(anonymous_5)
FN:62,(anonymous_6)
FN:70,(anonymous_7)
FN:76,(anonymous_8)
FN:85,(anonymous_9)
FN:90,(anonymous_10)
FN:99,(anonymous_11)
FN:101,(anonymous_12)
FN:104,(anonymous_13)
FN:108,(anonymous_14)
FN:116,(anonymous_15)
FN:119,(anonymous_16)
FN:119,(anonymous_17)
FN:129,(anonymous_18)
FN:135,(anonymous_19)
FN:136,(anonymous_20)
FN:147,(anonymous_21)
FN:151,(anonymous_22)
FN:156,(anonymous_23)
FN:182,(anonymous_24)
FN:188,(anonymous_25)
FNF:26
FNH:0
FNDA:0,(anonymous_0)
FNDA:0,(anonymous_1)
FNDA:0,(anonymous_2)
FNDA:0,(anonymous_3)
FNDA:0,(anonymous_4)
FNDA:0,(anonymous_5)
FNDA:0,(anonymous_6)
FNDA:0,(anonymous_7)
FNDA:0,(anonymous_8)
FNDA:0,(anonymous_9)
FNDA:0,(anonymous_10)
FNDA:0,(anonymous_11)
FNDA:0,(anonymous_12)
FNDA:0,(anonymous_13)
FNDA:0,(anonymous_14)
FNDA:0,(anonymous_15)
FNDA:0,(anonymous_16)
FNDA:0,(anonymous_17)
FNDA:0,(anonymous_18)
FNDA:0,(anonymous_19)
FNDA:0,(anonymous_20)
FNDA:0,(anonymous_21)
FNDA:0,(anonymous_22)
FNDA:0,(anonymous_23)
FNDA:0,(anonymous_24)
FNDA:0,(anonymous_25)
DA:21,0
DA:22,0
DA:23,0
DA:28,0
DA:29,0
DA:31,0
DA:32,0
DA:37,0
DA:38,0
DA:40,0
DA:47,0
DA:52,0
DA:53,0
DA:62,0
DA:63,0
DA:64,0
DA:66,0
DA:70,0
DA:71,0
DA:81,0
DA:82,0
DA:83,0
DA:85,0
DA:89,0
DA:90,0
DA:94,0
DA:99,0
DA:100,0
DA:101,0
DA:104,0
DA:108,0
DA:110,0
DA:116,0
DA:118,0
DA:119,0
DA:122,0
DA:123,0
DA:125,0
DA:129,0
DA:130,0
DA:136,0
DA:137,0
DA:145,0
DA:147,0
DA:148,0
DA:151,0
DA:152,0
DA:153,0
DA:154,0
DA:155,0
DA:156,0
DA:159,0
DA:160,0
DA:161,0
DA:164,0
DA:173,0
DA:175,0
DA:178,0
DA:182,0
DA:183,0
DA:189,0
DA:190,0
DA:192,0
LF:63
LH:0
BRDA:37,0,0,0
BRDA:45,1,0,0
BRDA:63,2,0,0
BRDA:63,2,1,0
BRDA:78,3,0,0
BRDA:79,4,0,0
BRDA:122,5,0,0
BRDA:122,5,1,0
BRDA:152,6,0,0
BRDA:152,6,1,0
BRDA:159,7,0,0
BRF:11
BRH:0
end_of_record
TN:
SF:src/services/voice.service.ts
FN:6,(anonymous_0)
FN:8,(anonymous_1)
FN:18,(anonymous_2)
FNF:3
FNH:0
FNDA:0,(anonymous_0)
FNDA:0,(anonymous_1)
FNDA:0,(anonymous_2)
DA:9,0
DA:10,0
DA:12,0
DA:19,0
DA:22,0
DA:24,0
DA:25,0
LF:7
LH:0
BRDA:9,0,0,0
BRF:1
BRH:0
end_of_record
TN:
SF:src/services/websocket-service.ts
FN:23,(anonymous_0)
FN:30,(anonymous_1)
FN:37,(anonymous_2)
FN:41,(anonymous_3)
FN:43,(anonymous_4)
FN:51,(anonymous_5)
FN:55,(anonymous_6)
FN:59,(anonymous_7)
FN:67,(anonymous_8)
FN:68,(anonymous_9)
FN:82,(anonymous_10)
FN:86,(anonymous_11)
FN:100,(anonymous_12)
FN:101,(anonymous_13)
FN:102,(anonymous_14)
FN:113,(anonymous_15)
FN:115,(anonymous_16)
FN:122,(anonymous_17)
FN:130,(anonymous_18)
FN:138,(anonymous_19)
FN:145,(anonymous_20)
FN:147,(anonymous_21)
FNF:22
FNH:0
FNDA:0,(anonymous_0)
FNDA:0,(anonymous_1)
FNDA:0,(anonymous_2)
FNDA:0,(anonymous_3)
FNDA:0,(anonymous_4)
FNDA:0,(anonymous_5)
FNDA:0,(anonymous_6)
FNDA:0,(anonymous_7)
FNDA:0,(anonymous_8)
FNDA:0,(anonymous_9)
FNDA:0,(anonymous_10)
FNDA:0,(anonymous_11)
FNDA:0,(anonymous_12)
FNDA:0,(anonymous_13)
FNDA:0,(anonymous_14)
FNDA:0,(anonymous_15)
FNDA:0,(anonymous_16)
FNDA:0,(anonymous_17)
FNDA:0,(anonymous_18)
FNDA:0,(anonymous_19)
FNDA:0,(anonymous_20)
FNDA:0,(anonymous_21)
DA:18,0
DA:24,0
DA:25,0
DA:26,0
DA:27,0
DA:31,0
DA:32,0
DA:34,0
DA:38,0
DA:42,0
DA:43,0
DA:44,0
DA:45,0
DA:48,0
DA:52,0
DA:56,0
DA:58,0
DA:59,0
DA:60,0
DA:63,0
DA:68,0
DA:69,0
DA:70,0
DA:71,0
DA:72,0
DA:73,0
DA:76,0
DA:77,0
DA:78,0
DA:79,0
DA:80,0
DA:82,0
DA:83,0
DA:86,0
DA:87,0
DA:88,0
DA:92,0
DA:94,0
DA:95,0
DA:101,0
DA:102,0
DA:103,0
DA:104,0
DA:105,0
DA:107,0
DA:108,0
DA:114,0
DA:115,0
DA:116,0
DA:117,0
DA:123,0
DA:124,0
DA:125,0
DA:126,0
DA:131,0
DA:138,0
DA:139,0
DA:140,0
DA:146,0
DA:147,0
DA:148,0
DA:149,0
DA:151,0
DA:154,0
LF:64
LH:0
BRDA:31,0,0,0
BRDA:44,1,0,0
BRDA:56,2,0,0
BRDA:56,2,1,0
BRDA:58,3,0,0
BRDA:58,3,1,0
BRDA:58,4,0,0
BRDA:58,4,1,0
BRDA:70,5,0,0
BRDA:70,5,1,0
BRDA:71,6,0,0
BRDA:87,7,0,0
BRDA:100,8,0,0
BRDA:103,9,0,0
BRDA:116,10,0,0
BRDA:123,11,0,0
BRDA:123,11,1,0
BRDA:125,12,0,0
BRDA:139,13,0,0
BRDA:139,14,0,0
BRDA:139,14,1,0
BRF:21
BRH:0
end_of_record
TN:
SF:src/services/websocket.service.ts
FN:50,(anonymous_0)
FN:57,(anonymous_1)
FN:67,(anonymous_2)
FN:84,(anonymous_3)
FN:87,(anonymous_4)
FN:96,(anonymous_5)
FN:100,(anonymous_6)
FN:109,(anonymous_7)
FN:128,(anonymous_8)
FN:140,(anonymous_9)
FN:150,(anonymous_10)
FN:157,(anonymous_11)
FN:164,(anonymous_12)
FN:173,(anonymous_13)
FN:175,(anonymous_14)
FN:185,(anonymous_15)
FN:186,(anonymous_16)
FN:196,(anonymous_17)
FN:197,(anonymous_18)
FN:205,(anonymous_19)
FN:207,(anonymous_20)
FN:217,(anonymous_21)
FN:218,(anonymous_22)
FNF:23
FNH:0
FNDA:0,(anonymous_0)
FNDA:0,(anonymous_1)
FNDA:0,(anonymous_2)
FNDA:0,(anonymous_3)
FNDA:0,(anonymous_4)
FNDA:0,(anonymous_5)
FNDA:0,(anonymous_6)
FNDA:0,(anonymous_7)
FNDA:0,(anonymous_8)
FNDA:0,(anonymous_9)
FNDA:0,(anonymous_10)
FNDA:0,(anonymous_11)
FNDA:0,(anonymous_12)
FNDA:0,(anonymous_13)
FNDA:0,(anonymous_14)
FNDA:0,(anonymous_15)
FNDA:0,(anonymous_16)
FNDA:0,(anonymous_17)
FNDA:0,(anonymous_18)
FNDA:0,(anonymous_19)
FNDA:0,(anonymous_20)
FNDA:0,(anonymous_21)
FNDA:0,(anonymous_22)
DA:47,0
DA:48,0
DA:51,0
DA:58,0
DA:59,0
DA:61,0
DA:68,0
DA:70,0
DA:75,0
DA:76,0
DA:78,0
DA:85,0
DA:87,0
DA:88,0
DA:89,0
DA:90,0
DA:92,0
DA:96,0
DA:97,0
DA:100,0
DA:101,0
DA:102,0
DA:110,0
DA:112,0
DA:113,0
DA:115,0
DA:116,0
DA:118,0
DA:119,0
DA:121,0
DA:132,0
DA:133,0
DA:134,0
DA:141,0
DA:142,0
DA:144,0
DA:151,0
DA:158,0
DA:165,0
DA:166,0
DA:174,0
DA:175,0
DA:176,0
DA:177,0
DA:186,0
DA:187,0
DA:188,0
DA:197,0
DA:198,0
DA:206,0
DA:207,0
DA:208,0
DA:209,0
DA:218,0
DA:219,0
DA:221,0
DA:222,0
LF:57
LH:0
BRDA:58,0,0,0
BRDA:68,1,0,0
BRDA:71,2,0,0
BRDA:71,2,1,0
BRDA:110,3,0,0
BRDA:110,3,1,0
BRDA:110,3,2,0
BRDA:110,3,3,0
BRDA:141,4,0,0
BRDA:165,5,0,0
BRDA:176,6,0,0
BRDA:187,7,0,0
BRDA:208,8,0,0
BRF:13
BRH:0
end_of_record
TN:
SF:src/services/scrapers/base.scraper.ts
FN:16,(anonymous_0)
FN:30,(anonymous_1)
FN:43,(anonymous_2)
FN:62,(anonymous_3)
FN:69,(anonymous_4)
FN:76,(anonymous_5)
FN:80,(anonymous_6)
FN:81,(anonymous_7)
FN:84,(anonymous_8)
FNF:9
FNH:0
FNDA:0,(anonymous_0)
FNDA:0,(anonymous_1)
FNDA:0,(anonymous_2)
FNDA:0,(anonymous_3)
FNDA:0,(anonymous_4)
FNDA:0,(anonymous_5)
FNDA:0,(anonymous_6)
FNDA:0,(anonymous_7)
FNDA:0,(anonymous_8)
DA:17,0
DA:18,0
DA:19,0
DA:31,0
DA:32,0
DA:36,0
DA:38,0
DA:39,0
DA:48,0
DA:49,0
DA:50,0
DA:55,0
DA:56,0
DA:59,0
DA:61,0
DA:62,0
DA:63,0
DA:66,0
DA:68,0
DA:69,0
DA:73,0
DA:77,0
DA:81,0
DA:85,0
LF:24
LH:0
BRDA:45,0,0,0
BRDA:46,1,0,0
BRDA:55,2,0,0
BRDA:59,3,0,0
BRDA:68,4,0,0
BRF:5
BRH:0
end_of_record
TN:
SF:src/utils/ai-prompt.utils.ts
FN:12,(anonymous_0)
FN:38,(anonymous_1)
FN:58,(anonymous_2)
FN:98,(anonymous_3)
FN:102,(anonymous_4)
FN:103,(anonymous_5)
FN:105,(anonymous_6)
FN:116,(anonymous_7)
FN:125,(anonymous_8)
FN:126,(anonymous_9)
FNF:10
FNH:0
FNDA:0,(anonymous_0)
FNDA:0,(anonymous_1)
FNDA:0,(anonymous_2)
FNDA:0,(anonymous_3)
FNDA:0,(anonymous_4)
FNDA:0,(anonymous_5)
FNDA:0,(anonymous_6)
FNDA:0,(anonymous_7)
FNDA:0,(anonymous_8)
FNDA:0,(anonymous_9)
DA:13,0
DA:15,0
DA:16,0
DA:17,0
DA:19,0
DA:20,0
DA:22,0
DA:23,0
DA:25,0
DA:26,0
DA:30,0
DA:39,0
DA:59,0
DA:62,0
DA:63,0
DA:66,0
DA:67,0
DA:69,0
DA:70,0
DA:71,0
DA:73,0
DA:74,0
DA:75,0
DA:77,0
DA:78,0
DA:79,0
DA:84,0
DA:85,0
DA:86,0
DA:89,0
DA:99,0
DA:102,0
DA:103,0
DA:104,0
DA:105,0
DA:107,0
DA:110,0
DA:111,0
DA:116,0
DA:117,0
DA:121,0
DA:125,0
DA:126,0
DA:127,0
DA:128,0
DA:132,0
DA:133,0
DA:137,0
DA:139,0
DA:140,0
DA:141,0
DA:142,0
DA:147,0
LF:53
LH:0
BRDA:15,0,0,0
BRDA:16,1,0,0
BRDA:19,2,0,0
BRDA:22,3,0,0
BRDA:25,4,0,0
BRDA:66,5,0,0
BRDA:67,6,0,0
BRDA:67,6,1,0
BRDA:67,6,2,0
BRDA:84,7,0,0
BRDA:110,8,0,0
BRDA:110,9,0,0
BRDA:110,9,1,0
BRDA:116,10,0,0
BRDA:116,10,1,0
BRDA:117,11,0,0
BRDA:118,12,0,0
BRDA:118,12,1,0
BRDA:119,13,0,0
BRDA:119,13,1,0
BRDA:127,14,0,0
BRDA:127,15,0,0
BRDA:127,15,1,0
BRDA:132,16,0,0
BRDA:133,17,0,0
BRDA:134,18,0,0
BRDA:134,18,1,0
BRDA:139,19,0,0
BRDA:140,20,0,0
BRDA:140,20,1,0
BRDA:140,21,0,0
BRDA:140,21,1,0
BRDA:141,22,0,0
BRF:33
BRH:0
end_of_record
TN:
SF:src/utils/async-handler.ts
FN:6,(anonymous_0)
FN:6,(anonymous_1)
FNF:2
FNH:0
FNDA:0,(anonymous_0)
FNDA:0,(anonymous_1)
DA:6,0
DA:7,0
LF:2
LH:0
BRF:0
BRH:0
end_of_record
TN:
SF:src/utils/crypto.ts
FN:6,generateRandomString
FN:16,generateNumericCode
FN:32,generateToken
FN:39,hashString
FN:46,compareHash
FN:54,generateRandomNumber
FN:64,generateRecoveryCode
FN:65,(anonymous_7)
FN:71,generateVerificationCode
FNF:9
FNH:0
FNDA:0,generateRandomString
FNDA:0,generateNumericCode
FNDA:0,generateToken
FNDA:0,hashString
FNDA:0,compareHash
FNDA:0,generateRandomNumber
FNDA:0,generateRecoveryCode
FNDA:0,(anonymous_7)
FNDA:0,generateVerificationCode
DA:7,0
DA:17,0
DA:18,0
DA:21,0
DA:22,0
DA:25,0
DA:26,0
DA:33,0
DA:40,0
DA:47,0
DA:48,0
DA:55,0
DA:56,0
DA:57,0
DA:58,0
DA:65,0
DA:72,0
LF:17
LH:0
BRDA:32,0,0,0
BRDA:71,1,0,0
BRF:2
BRH:0
end_of_record
TN:
SF:src/utils/db.ts
FN:10,connectToDatabase
FN:24,getCollection
FN:29,closeDatabase
FN:37,getDb
FNF:4
FNH:0
FNDA:0,connectToDatabase
FNDA:0,getCollection
FNDA:0,closeDatabase
FNDA:0,getDb
DA:7,0
DA:8,0
DA:11,0
DA:13,0
DA:14,0
DA:15,0
DA:16,0
DA:17,0
DA:19,0
DA:20,0
DA:25,0
DA:26,0
DA:30,0
DA:31,0
DA:32,0
DA:33,0
DA:38,0
LF:17
LH:0
BRDA:8,0,0,0
BRDA:8,0,1,0
BRDA:11,1,0,0
BRDA:30,2,0,0
BRF:4
BRH:0
end_of_record
TN:
SF:src/utils/device-info.ts
FN:13,getDeviceInfo
FNF:1
FNH:0
FNDA:0,getDeviceInfo
DA:14,0
DA:15,0
DA:16,0
DA:17,0
DA:19,0
DA:20,0
DA:21,0
DA:24,0
DA:25,0
DA:27,0
DA:28,0
DA:31,0
DA:32,0
DA:36,0
LF:14
LH:0
BRDA:20,0,0,0
BRDA:21,1,0,0
BRDA:21,1,1,0
BRDA:21,1,2,0
BRDA:21,1,3,0
BRDA:21,1,4,0
BRDA:38,2,0,0
BRDA:38,2,1,0
BRDA:38,2,2,0
BRDA:38,2,3,0
BRDA:39,3,0,0
BRDA:39,3,1,0
BRDA:39,4,0,0
BRDA:39,4,1,0
BRDA:40,5,0,0
BRDA:40,5,1,0
BRDA:40,6,0,0
BRDA:40,6,1,0
BRF:18
BRH:0
end_of_record
TN:
SF:src/utils/embed.ts
FN:6,generateEmbedCode
FN:65,generateEmbedStyles
FNF:2
FNH:0
FNDA:0,generateEmbedCode
FNDA:0,generateEmbedStyles
DA:17,0
DA:20,0
DA:30,0
DA:33,0
DA:47,0
DA:59,0
DA:67,0
DA:81,0
LF:8
LH:0
BRDA:6,0,0,0
BRDA:8,1,0,0
BRDA:9,2,0,0
BRDA:10,3,0,0
BRDA:11,4,0,0
BRDA:12,5,0,0
BRDA:13,6,0,0
BRDA:14,7,0,0
BRDA:15,8,0,0
BRDA:16,9,0,0
BRDA:33,10,0,0
BRDA:33,10,1,0
BRDA:54,11,0,0
BRDA:54,11,1,0
BRDA:65,12,0,0
BRDA:67,13,0,0
BRDA:67,13,1,0
BRDA:120,14,0,0
BRDA:120,14,1,0
BRDA:132,15,0,0
BRDA:132,15,1,0
BRDA:173,16,0,0
BRDA:173,16,1,0
BRF:23
BRH:0
end_of_record
TN:
SF:src/utils/error.ts
FN:6,(anonymous_0)
FN:16,(anonymous_1)
FNF:2
FNH:0
FNDA:0,(anonymous_0)
FNDA:0,(anonymous_1)
DA:7,0
DA:8,0
DA:9,0
DA:10,0
DA:12,0
DA:16,0
DA:17,0
DA:18,0
DA:25,0
DA:26,0
LF:10
LH:0
BRDA:9,0,0,0
BRDA:9,0,1,0
BRDA:17,1,0,0
BRDA:17,2,0,0
BRDA:17,2,1,0
BRF:5
BRH:0
end_of_record
TN:
SF:src/utils/errors.ts
FN:8,(anonymous_0)
FN:19,(anonymous_1)
FN:34,(anonymous_2)
FN:43,(anonymous_3)
FN:52,(anonymous_4)
FN:61,(anonymous_5)
FN:70,(anonymous_6)
FN:79,(anonymous_7)
FN:88,(anonymous_8)
FN:97,(anonymous_9)
FN:107,(anonymous_10)
FN:117,(anonymous_11)
FN:126,handleError
FN:143,asyncHandler
FN:144,(anonymous_14)
FN:152,errorResponse
FN:167,(anonymous_16)
FN:174,isAppError
FN:179,isValidationError
FN:183,isNotFoundError
FN:187,isAuthenticationError
FN:191,isAuthorizationError
FN:195,isConflictError
FN:199,isRateLimitError
FN:203,isInternalServerError
FNF:25
FNH:0
FNDA:0,(anonymous_0)
FNDA:0,(anonymous_1)
FNDA:0,(anonymous_2)
FNDA:0,(anonymous_3)
FNDA:0,(anonymous_4)
FNDA:0,(anonymous_5)
FNDA:0,(anonymous_6)
FNDA:0,(anonymous_7)
FNDA:0,(anonymous_8)
FNDA:0,(anonymous_9)
FNDA:0,(anonymous_10)
FNDA:0,(anonymous_11)
FNDA:0,handleError
FNDA:0,asyncHandler
FNDA:0,(anonymous_14)
FNDA:0,errorResponse
FNDA:0,(anonymous_16)
FNDA:0,isAppError
FNDA:0,isValidationError
FNDA:0,isNotFoundError
FNDA:0,isAuthenticationError
FNDA:0,isAuthorizationError
FNDA:0,isConflictError
FNDA:0,isRateLimitError
FNDA:0,isInternalServerError
DA:9,0
DA:10,0
DA:11,0
DA:12,0
DA:14,0
DA:15,0
DA:16,0
DA:20,0
DA:35,0
DA:44,0
DA:53,0
DA:62,0
DA:71,0
DA:80,0
DA:89,0
DA:98,0
DA:99,0
DA:108,0
DA:109,0
DA:118,0
DA:119,0
DA:127,0
DA:128,0
DA:130,0
DA:131,0
DA:144,0
DA:145,0
DA:153,0
DA:154,0
DA:156,0
DA:157,0
DA:168,0
DA:169,0
DA:175,0
DA:180,0
DA:184,0
DA:188,0
DA:192,0
DA:196,0
DA:200,0
DA:204,0
LF:41
LH:0
BRDA:10,0,0,0
BRDA:11,1,0,0
BRDA:107,2,0,0
BRDA:127,3,0,0
BRDA:127,3,1,0
BRDA:153,4,0,0
BRDA:153,4,1,0
BRDA:167,5,0,0
BRF:8
BRH:0
end_of_record
TN:
SF:src/utils/express.ts
FNF:0
FNH:0
DA:3,0
LF:1
LH:0
BRF:0
BRH:0
end_of_record
TN:
SF:src/utils/format-detector.ts
FN:29,(anonymous_0)
FN:47,(anonymous_1)
FN:52,detectFormat
FN:54,(anonymous_3)
FN:63,(anonymous_4)
FN:69,(anonymous_5)
FN:87,calculateConfidence
FN:108,(anonymous_7)
FN:111,(anonymous_8)
FN:122,extractMetadata
FNF:10
FNH:0
FNDA:0,(anonymous_0)
FNDA:0,(anonymous_1)
FNDA:0,detectFormat
FNDA:0,(anonymous_3)
FNDA:0,(anonymous_4)
FNDA:0,(anonymous_5)
FNDA:0,calculateConfidence
FNDA:0,(anonymous_7)
FNDA:0,(anonymous_8)
FNDA:0,extractMetadata
DA:24,0
DA:30,0
DA:31,0
DA:32,0
DA:38,0
DA:47,0
DA:53,0
DA:54,0
DA:55,0
DA:56,0
DA:63,0
DA:66,0
DA:68,0
DA:69,0
DA:72,0
DA:79,0
DA:80,0
DA:88,0
DA:91,0
DA:92,0
DA:93,0
DA:98,0
DA:100,0
DA:101,0
DA:102,0
DA:104,0
DA:106,0
DA:108,0
DA:109,0
DA:110,0
DA:111,0
DA:112,0
DA:113,0
DA:116,0
DA:119,0
DA:126,0
DA:127,0
DA:128,0
DA:129,0
DA:130,0
DA:133,0
DA:136,0
LF:42
LH:0
BRDA:35,0,0,0
BRDA:35,0,1,0
BRDA:68,1,0,0
BRDA:68,1,1,0
BRDA:73,2,0,0
BRDA:73,2,1,0
BRDA:92,3,0,0
BRDA:98,4,0,0
BRDA:98,4,1,0
BRDA:109,5,0,0
BRDA:112,6,0,0
BRDA:129,7,0,0
BRF:12
BRH:0
end_of_record
TN:
SF:src/utils/geo.ts
FN:11,getLocationFromIP
FN:29,calculateDistance
FN:45,toRad
FN:49,isLocationAllowed
FNF:4
FNH:0
FNDA:0,getLocationFromIP
FNDA:0,calculateDistance
FNDA:0,toRad
FNDA:0,isLocationAllowed
DA:12,0
DA:14,0
DA:15,0
DA:17,0
DA:24,0
DA:25,0
DA:30,0
DA:31,0
DA:33,0
DA:34,0
DA:35,0
DA:38,0
DA:41,0
DA:42,0
DA:46,0
DA:54,0
DA:56,0
DA:57,0
DA:60,0
DA:61,0
DA:64,0
LF:21
LH:0
BRDA:54,0,0,0
BRDA:56,1,0,0
BRDA:60,2,0,0
BRDA:60,3,0,0
BRDA:60,3,1,0
BRF:5
BRH:0
end_of_record
TN:
SF:src/utils/ingredient-parser.ts
FN:131,parseIngredients
FN:133,(anonymous_1)
FN:134,(anonymous_2)
FN:140,parseIngredient
FN:167,parseStructuredIngredient
FN:192,parseUnstructuredIngredient
FN:224,parseAmount
FN:227,(anonymous_7)
FN:233,(anonymous_8)
FN:243,standardizeUnit
FN:250,cleanIngredientName
FNF:11
FNH:0
FNDA:0,parseIngredients
FNDA:0,(anonymous_1)
FNDA:0,(anonymous_2)
FNDA:0,parseIngredient
FNDA:0,parseStructuredIngredient
FNDA:0,parseUnstructuredIngredient
FNDA:0,parseAmount
FNDA:0,(anonymous_7)
FNDA:0,(anonymous_8)
FNDA:0,standardizeUnit
FNDA:0,cleanIngredientName
DA:15,0
DA:82,0
DA:132,0
DA:133,0
DA:134,0
DA:141,0
DA:143,0
DA:145,0
DA:148,0
DA:150,0
DA:152,0
DA:159,0
DA:160,0
DA:169,0
DA:171,0
DA:173,0
DA:174,0
DA:177,0
DA:178,0
DA:181,0
DA:194,0
DA:195,0
DA:203,0
DA:204,0
DA:205,0
DA:206,0
DA:214,0
DA:226,0
DA:227,0
DA:228,0
DA:232,0
DA:233,0
DA:234,0
DA:237,0
DA:244,0
DA:251,0
LF:36
LH:0
BRDA:145,0,0,0
BRDA:148,1,0,0
BRDA:148,1,1,0
BRDA:150,2,0,0
BRDA:156,3,0,0
BRDA:156,3,1,0
BRDA:171,4,0,0
BRDA:177,5,0,0
BRDA:194,6,0,0
BRDA:204,7,0,0
BRDA:226,8,0,0
BRDA:232,9,0,0
BRDA:244,10,0,0
BRDA:244,10,1,0
BRF:14
BRH:0
end_of_record
TN:
SF:src/utils/init.ts
FN:12,initializeDirectories
FN:25,cleanupTempFiles
FN:30,(anonymous_2)
FN:32,(anonymous_3)
FNF:4
FNH:0
FNDA:0,initializeDirectories
FNDA:0,cleanupTempFiles
FNDA:0,(anonymous_2)
FNDA:0,(anonymous_3)
DA:5,0
DA:13,0
DA:14,0
DA:15,0
DA:16,0
DA:17,0
DA:20,0
DA:21,0
DA:26,0
DA:27,0
DA:28,0
DA:30,0
DA:31,0
DA:33,0
DA:37,0
DA:38,0
DA:40,0
LF:17
LH:0
BRF:0
BRH:0
end_of_record
TN:
SF:src/utils/logger.ts
FNF:0
FNH:0
DA:3,0
DA:18,0
DA:19,0
LF:3
LH:0
BRDA:4,0,0,0
BRDA:4,0,1,0
BRDA:18,1,0,0
BRF:3
BRH:0
end_of_record
TN:
SF:src/utils/ocr.ts
FN:10,parseRecipeFromImage
FN:36,extractTitle
FN:42,extractDescription
FN:48,extractIngredients
FN:54,(anonymous_4)
FN:69,extractInstructions
FN:76,(anonymous_6)
FN:93,extractPrepTime
FN:98,extractCookTime
FN:103,extractServings
FNF:10
FNH:0
FNDA:0,parseRecipeFromImage
FNDA:0,extractTitle
FNDA:0,extractDescription
FNDA:0,extractIngredients
FNDA:0,(anonymous_4)
FNDA:0,extractInstructions
FNDA:0,(anonymous_6)
FNDA:0,extractPrepTime
FNDA:0,extractCookTime
FNDA:0,extractServings
DA:11,0
DA:12,0
DA:13,0
DA:14,0
DA:15,0
DA:16,0
DA:19,0
DA:29,0
DA:31,0
DA:32,0
DA:38,0
DA:39,0
DA:44,0
DA:45,0
DA:49,0
DA:50,0
DA:52,0
DA:53,0
DA:54,0
DA:55,0
DA:56,0
DA:57,0
DA:66,0
DA:70,0
DA:71,0
DA:73,0
DA:74,0
DA:75,0
DA:76,0
DA:77,0
DA:78,0
DA:80,0
DA:81,0
DA:85,0
DA:90,0
DA:94,0
DA:95,0
DA:99,0
DA:100,0
DA:104,0
DA:105,0
LF:41
LH:0
BRDA:45,0,0,0
BRDA:45,0,1,0
BRDA:52,1,0,0
BRDA:56,2,0,0
BRDA:73,3,0,0
BRDA:78,4,0,0
BRDA:95,5,0,0
BRDA:95,5,1,0
BRDA:100,6,0,0
BRDA:100,6,1,0
BRDA:105,7,0,0
BRDA:105,7,1,0
BRF:12
BRH:0
end_of_record
TN:
SF:src/utils/password.ts
FN:8,hashPassword
FN:15,verifyPassword
FNF:2
FNH:0
FNDA:0,hashPassword
FNDA:0,verifyPassword
DA:3,0
DA:9,0
DA:16,0
LF:3
LH:0
BRF:0
BRH:0
end_of_record
TN:
SF:src/utils/recipe-formatter.ts
FN:33,formatRecipeForExport
FN:42,(anonymous_1)
FN:47,(anonymous_2)
FN:66,formatRecipe
FN:69,(anonymous_4)
FN:75,(anonymous_5)
FNF:6
FNH:0
FNDA:0,formatRecipeForExport
FNDA:0,(anonymous_1)
FNDA:0,(anonymous_2)
FNDA:0,formatRecipe
FNDA:0,(anonymous_4)
FNDA:0,(anonymous_5)
DA:34,0
DA:42,0
DA:47,0
DA:55,0
DA:56,0
DA:59,0
DA:60,0
DA:63,0
DA:67,0
DA:69,0
DA:75,0
LF:11
LH:0
BRDA:37,0,0,0
BRDA:37,0,1,0
BRDA:38,1,0,0
BRDA:38,1,1,0
BRDA:39,2,0,0
BRDA:39,2,1,0
BRDA:40,3,0,0
BRDA:40,3,1,0
BRDA:40,4,0,0
BRDA:40,4,1,0
BRDA:40,5,0,0
BRDA:40,5,1,0
BRDA:50,6,0,0
BRDA:50,6,1,0
BRDA:51,7,0,0
BRDA:51,7,1,0
BRDA:55,8,0,0
BRDA:55,9,0,0
BRDA:55,9,1,0
BRDA:59,10,0,0
BRDA:59,11,0,0
BRDA:59,11,1,0
BRDA:71,12,0,0
BRDA:71,12,1,0
BRDA:72,13,0,0
BRDA:72,13,1,0
BRDA:73,14,0,0
BRDA:73,14,1,0
BRDA:77,15,0,0
BRDA:77,15,1,0
BRF:30
BRH:0
end_of_record
TN:
SF:src/utils/recipe-parser.ts
FN:8,(anonymous_0)
FN:52,parseRecipe
FN:101,extractTitle
FN:113,extractDescription
FN:114,(anonymous_4)
FN:118,extractIngredients
FN:147,parseIngredientLine
FN:160,extractInstructions
FN:188,extractTimes
FN:207,extractTags
FN:209,(anonymous_10)
FN:212,calculateConfidence
FN:228,validateParsedRecipe
FN:241,convertToRecipe
FN:279,createParseError
FNF:15
FNH:0
FNDA:0,(anonymous_0)
FNDA:0,parseRecipe
FNDA:0,extractTitle
FNDA:0,extractDescription
FNDA:0,(anonymous_4)
FNDA:0,extractIngredients
FNDA:0,parseIngredientLine
FNDA:0,extractInstructions
FNDA:0,extractTimes
FNDA:0,extractTags
FNDA:0,(anonymous_10)
FNDA:0,calculateConfidence
FNDA:0,validateParsedRecipe
FNDA:0,convertToRecipe
FNDA:0,createParseError
DA:9,0
DA:10,0
DA:11,0
DA:13,0
DA:14,0
DA:56,0
DA:58,0
DA:60,0
DA:68,0
DA:69,0
DA:70,0
DA:71,0
DA:72,0
DA:74,0
DA:75,0
DA:79,0
DA:80,0
DA:81,0
DA:82,0
DA:87,0
DA:88,0
DA:91,0
DA:93,0
DA:94,0
DA:95,0
DA:97,0
DA:102,0
DA:103,0
DA:105,0
DA:106,0
DA:107,0
DA:108,0
DA:110,0
DA:114,0
DA:115,0
DA:119,0
DA:120,0
DA:122,0
DA:123,0
DA:124,0
DA:125,0
DA:127,0
DA:128,0
DA:129,0
DA:132,0
DA:133,0
DA:136,0
DA:137,0
DA:138,0
DA:139,0
DA:144,0
DA:149,0
DA:150,0
DA:152,0
DA:153,0
DA:161,0
DA:162,0
DA:164,0
DA:165,0
DA:167,0
DA:168,0
DA:169,0
DA:171,0
DA:172,0
DA:173,0
DA:176,0
DA:177,0
DA:181,0
DA:185,0
DA:193,0
DA:196,0
DA:197,0
DA:198,0
DA:200,0
DA:201,0
DA:202,0
DA:204,0
DA:208,0
DA:209,0
DA:213,0
DA:216,0
DA:217,0
DA:220,0
DA:221,0
DA:222,0
DA:223,0
DA:225,0
DA:229,0
DA:242,0
DA:243,0
DA:246,0
DA:248,0
DA:284,0
DA:285,0
DA:286,0
DA:287,0
LF:96
LH:0
BRDA:54,0,0,0
BRDA:68,1,0,0
BRDA:74,2,0,0
BRDA:74,3,0,0
BRDA:74,3,1,0
BRDA:79,4,0,0
BRDA:81,5,0,0
BRDA:87,6,0,0
BRDA:87,7,0,0
BRDA:87,7,1,0
BRDA:94,8,0,0
BRDA:102,9,0,0
BRDA:107,10,0,0
BRDA:115,11,0,0
BRDA:115,11,1,0
BRDA:125,12,0,0
BRDA:127,13,0,0
BRDA:132,14,0,0
BRDA:132,15,0,0
BRDA:132,15,1,0
BRDA:136,16,0,0
BRDA:138,17,0,0
BRDA:150,18,0,0
BRDA:155,19,0,0
BRDA:155,19,1,0
BRDA:156,20,0,0
BRDA:156,20,1,0
BRDA:169,21,0,0
BRDA:171,22,0,0
BRDA:176,23,0,0
BRDA:200,24,0,0
BRDA:201,25,0,0
BRDA:202,26,0,0
BRDA:216,27,0,0
BRDA:217,28,0,0
BRDA:220,29,0,0
BRDA:221,30,0,0
BRDA:222,31,0,0
BRDA:223,32,0,0
BRDA:230,33,0,0
BRDA:230,33,1,0
BRDA:230,33,2,0
BRDA:230,33,3,0
BRDA:230,33,4,0
BRDA:230,33,5,0
BRDA:230,33,6,0
BRDA:230,33,7,0
BRDA:242,34,0,0
BRDA:250,35,0,0
BRDA:250,35,1,0
BRDA:253,36,0,0
BRDA:253,36,1,0
BRDA:254,37,0,0
BRDA:254,37,1,0
BRDA:255,38,0,0
BRDA:255,38,1,0
BRDA:256,39,0,0
BRDA:256,39,1,0
BRDA:256,40,0,0
BRDA:256,40,1,0
BRDA:256,41,0,0
BRDA:256,41,1,0
BRDA:257,42,0,0
BRDA:257,42,1,0
BRDA:258,43,0,0
BRDA:258,43,1,0
BRDA:259,44,0,0
BRDA:259,44,1,0
BRF:68
BRH:0
end_of_record
TN:
SF:src/utils/recipe-parser.utils.ts
FN:13,(anonymous_0)
FN:15,(anonymous_1)
FN:26,(anonymous_2)
FN:34,(anonymous_3)
FN:36,(anonymous_4)
FN:53,(anonymous_5)
FN:63,(anonymous_6)
FN:70,(anonymous_7)
FN:80,(anonymous_8)
FN:90,(anonymous_9)
FN:111,(anonymous_10)
FN:128,(anonymous_11)
FN:155,(anonymous_12)
FN:157,(anonymous_13)
FNF:14
FNH:0
FNDA:0,(anonymous_0)
FNDA:0,(anonymous_1)
FNDA:0,(anonymous_2)
FNDA:0,(anonymous_3)
FNDA:0,(anonymous_4)
FNDA:0,(anonymous_5)
FNDA:0,(anonymous_6)
FNDA:0,(anonymous_7)
FNDA:0,(anonymous_8)
FNDA:0,(anonymous_9)
FNDA:0,(anonymous_10)
FNDA:0,(anonymous_11)
FNDA:0,(anonymous_12)
FNDA:0,(anonymous_13)
DA:14,0
DA:16,0
DA:17,0
DA:19,0
DA:20,0
DA:26,0
DA:35,0
DA:37,0
DA:38,0
DA:41,0
DA:42,0
DA:47,0
DA:53,0
DA:64,0
DA:65,0
DA:68,0
DA:70,0
DA:71,0
DA:72,0
DA:74,0
DA:75,0
DA:77,0
DA:78,0
DA:80,0
DA:81,0
DA:82,0
DA:88,0
DA:90,0
DA:94,0
DA:96,0
DA:97,0
DA:99,0
DA:100,0
DA:102,0
DA:103,0
DA:105,0
DA:106,0
DA:108,0
DA:109,0
DA:111,0
DA:112,0
DA:116,0
DA:117,0
DA:120,0
DA:129,0
DA:130,0
DA:131,0
DA:133,0
DA:134,0
DA:135,0
DA:136,0
DA:137,0
DA:138,0
DA:139,0
DA:141,0
DA:144,0
DA:146,0
DA:156,0
DA:157,0
DA:159,0
DA:160,0
DA:163,0
LF:62
LH:0
BRDA:17,0,0,0
BRDA:22,1,0,0
BRDA:22,1,1,0
BRDA:23,2,0,0
BRDA:23,2,1,0
BRDA:38,3,0,0
BRDA:42,4,0,0
BRDA:42,4,1,0
BRDA:44,5,0,0
BRDA:44,5,1,0
BRDA:50,6,0,0
BRDA:50,6,1,0
BRDA:64,7,0,0
BRDA:72,8,0,0
BRDA:72,8,1,0
BRDA:72,8,2,0
BRDA:72,8,3,0
BRDA:72,8,4,0
BRDA:72,8,5,0
BRDA:72,8,6,0
BRDA:72,8,7,0
BRDA:72,8,8,0
BRDA:72,8,9,0
BRDA:116,9,0,0
BRDA:135,10,0,0
BRDA:135,10,1,0
BRDA:137,11,0,0
BRDA:137,11,1,0
BRDA:137,12,0,0
BRDA:137,12,1,0
BRDA:159,13,0,0
BRF:31
BRH:0
end_of_record
TN:
SF:src/utils/recipe-sanitizer.ts
FN:23,sanitizeRecipe
FN:30,(anonymous_1)
FN:35,(anonymous_2)
FN:42,sanitizeText
FNF:4
FNH:0
FNDA:0,sanitizeRecipe
FNDA:0,(anonymous_1)
FNDA:0,(anonymous_2)
FNDA:0,sanitizeText
DA:13,0
DA:24,0
DA:26,0
DA:30,0
DA:35,0
DA:43,0
DA:45,0
DA:48,0
DA:51,0
DA:54,0
DA:55,0
DA:58,0
LF:12
LH:0
BRDA:23,0,0,0
BRDA:33,1,0,0
BRDA:33,1,1,0
BRDA:43,2,0,0
BRDA:54,3,0,0
BRDA:54,4,0,0
BRDA:54,4,1,0
BRF:7
BRH:0
end_of_record
TN:
SF:src/utils/recipe-scoring.utils.ts
FN:16,(anonymous_0)
FN:26,(anonymous_1)
FN:53,(anonymous_2)
FN:78,(anonymous_3)
FN:121,(anonymous_4)
FNF:5
FNH:0
FNDA:0,(anonymous_0)
FNDA:0,(anonymous_1)
FNDA:0,(anonymous_2)
FNDA:0,(anonymous_3)
FNDA:0,(anonymous_4)
DA:17,0
DA:18,0
DA:21,0
DA:22,0
DA:26,0
DA:27,0
DA:30,0
DA:31,0
DA:35,0
DA:36,0
DA:37,0
DA:38,0
DA:40,0
DA:42,0
DA:54,0
DA:55,0
DA:67,0
DA:79,0
DA:80,0
DA:83,0
DA:84,0
DA:85,0
DA:87,0
DA:88,0
DA:90,0
DA:91,0
DA:92,0
DA:93,0
DA:99,0
DA:100,0
DA:104,0
DA:105,0
DA:108,0
DA:110,0
DA:122,0
DA:123,0
DA:124,0
DA:126,0
DA:137,0
LF:39
LH:0
BRDA:21,0,0,0
BRDA:21,1,0,0
BRDA:21,1,1,0
BRDA:21,1,2,0
BRDA:30,2,0,0
BRDA:35,3,0,0
BRDA:35,3,1,0
BRDA:35,4,0,0
BRDA:35,4,1,0
BRDA:36,5,0,0
BRDA:36,5,1,0
BRDA:36,6,0,0
BRDA:36,6,1,0
BRDA:56,7,0,0
BRDA:56,7,1,0
BRDA:58,8,0,0
BRDA:58,8,1,0
BRDA:60,9,0,0
BRDA:60,9,1,0
BRDA:62,10,0,0
BRDA:62,10,1,0
BRDA:62,11,0,0
BRDA:62,11,1,0
BRDA:63,12,0,0
BRDA:63,12,1,0
BRDA:63,13,0,0
BRDA:63,13,1,0
BRDA:83,14,0,0
BRDA:84,15,0,0
BRDA:84,16,0,0
BRDA:84,16,1,0
BRDA:87,17,0,0
BRDA:90,18,0,0
BRDA:91,19,0,0
BRDA:91,19,1,0
BRDA:91,20,0,0
BRDA:91,20,1,0
BRDA:92,21,0,0
BRDA:99,22,0,0
BRDA:104,23,0,0
BRDA:104,24,0,0
BRDA:104,24,1,0
BRDA:123,25,0,0
BRDA:123,25,1,0
BRDA:124,26,0,0
BRDA:124,26,1,0
BRDA:127,27,0,0
BRDA:127,27,1,0
BRDA:127,28,0,0
BRDA:127,28,1,0
BRDA:128,29,0,0
BRDA:128,29,1,0
BRDA:128,30,0,0
BRDA:128,30,1,0
BRDA:129,31,0,0
BRDA:129,31,1,0
BRDA:130,32,0,0
BRDA:130,32,1,0
BRDA:130,33,0,0
BRDA:130,33,1,0
BRDA:131,34,0,0
BRDA:131,34,1,0
BRDA:132,35,0,0
BRDA:132,35,1,0
BRDA:133,36,0,0
BRDA:133,36,1,0
BRDA:133,37,0,0
BRDA:133,37,1,0
BRF:68
BRH:0
end_of_record
TN:
SF:src/utils/sanitizer.ts
FN:35,sanitizeHtml
FN:46,stripHtml
FN:57,sanitizeUrl
FN:73,sanitizeFilename
FNF:4
FNH:0
FNDA:0,sanitizeHtml
FNDA:0,stripHtml
FNDA:0,sanitizeUrl
FNDA:0,sanitizeFilename
DA:4,0
DA:5,0
DA:7,0
DA:33,0
DA:36,0
DA:47,0
DA:59,0
DA:60,0
DA:64,0
DA:70,0
DA:74,0
LF:11
LH:0
BRDA:59,0,0,0
BRF:1
BRH:0
end_of_record
TN:
SF:src/utils/string.ts
FN:7,levenshteinDistance
FN:13,(anonymous_1)
FN:49,stringSimilarity
FN:68,normalizeString
FN:83,commonPrefixLength
FN:97,containsNormalized
FN:108,splitWords
FN:109,(anonymous_7)
FN:112,slugify
FNF:9
FNH:0
FNDA:0,levenshteinDistance
FNDA:0,(anonymous_1)
FNDA:0,stringSimilarity
FNDA:0,normalizeString
FNDA:0,commonPrefixLength
FNDA:0,containsNormalized
FNDA:0,splitWords
FNDA:0,(anonymous_7)
FNDA:0,slugify
DA:9,0
DA:10,0
DA:13,0
DA:14,0
DA:18,0
DA:19,0
DA:21,0
DA:22,0
DA:26,0
DA:27,0
DA:28,0
DA:29,0
DA:31,0
DA:40,0
DA:50,0
DA:51,0
DA:53,0
DA:54,0
DA:55,0
DA:57,0
DA:59,0
DA:60,0
DA:69,0
DA:84,0
DA:85,0
DA:86,0
DA:88,0
DA:98,0
DA:99,0
DA:100,0
DA:109,0
DA:113,0
LF:32
LH:0
BRDA:9,0,0,0
BRDA:10,1,0,0
BRDA:28,2,0,0
BRDA:28,2,1,0
BRDA:50,3,0,0
BRDA:51,4,0,0
BRDA:51,5,0,0
BRDA:51,5,1,0
BRDA:53,6,0,0
BRDA:53,6,1,0
BRDA:54,7,0,0
BRDA:54,7,1,0
BRDA:57,8,0,0
BRDA:85,9,0,0
BRDA:85,9,1,0
BRDA:85,9,2,0
BRF:16
BRH:0
end_of_record
TN:
SF:src/utils/swagger.ts
FNF:0
FNH:0
DA:3,0
DA:21,0
LF:2
LH:0
BRDA:13,0,0,0
BRDA:13,0,1,0
BRF:2
BRH:0
end_of_record
TN:
SF:src/utils/token.ts
FN:6,generateToken
FN:7,(anonymous_1)
FN:8,(anonymous_2)
FNF:3
FNH:0
FNDA:0,generateToken
FNDA:0,(anonymous_1)
FNDA:0,(anonymous_2)
DA:7,0
DA:8,0
DA:9,0
DA:10,0
DA:12,0
LF:5
LH:0
BRDA:6,0,0,0
BRDA:9,1,0,0
BRDA:9,1,1,0
BRF:3
BRH:0
end_of_record
TN:
SF:src/utils/totp.ts
FN:6,generateTOTPSecret
FN:13,generateTOTP
FN:20,verifyTOTP
FN:27,generateTOTPUri
FNF:4
FNH:0
FNDA:0,generateTOTPSecret
FNDA:0,generateTOTP
FNDA:0,verifyTOTP
FNDA:0,generateTOTPUri
DA:7,0
DA:14,0
DA:21,0
DA:32,0
LF:4
LH:0
BRDA:30,0,0,0
BRF:1
BRH:0
end_of_record
TN:
SF:src/utils/type-utils.ts
FN:5,isObjectId
FN:12,toObjectId
FN:19,toObjectIdString
FN:61,safeGet
FN:68,isNonNull
FN:75,ensureArray
FN:79,isValidObjectId
FNF:7
FNH:0
FNDA:0,isObjectId
FNDA:0,toObjectId
FNDA:0,toObjectIdString
FNDA:0,safeGet
FNDA:0,isNonNull
FNDA:0,ensureArray
FNDA:0,isValidObjectId
DA:6,0
DA:13,0
DA:20,0
DA:62,0
DA:69,0
DA:76,0
DA:80,0
DA:81,0
DA:82,0
DA:84,0
LF:10
LH:0
BRDA:13,0,0,0
BRDA:13,0,1,0
BRDA:20,1,0,0
BRDA:20,1,1,0
BRDA:69,2,0,0
BRDA:69,2,1,0
BRDA:76,3,0,0
BRDA:76,3,1,0
BRF:8
BRH:0
end_of_record
TN:
SF:src/utils/test/mongodb.test.utils.ts
FN:19,(anonymous_0)
FN:44,(anonymous_1)
FN:62,(anonymous_2)
FN:65,(anonymous_3)
FN:76,(anonymous_4)
FN:83,(anonymous_5)
FN:90,(anonymous_6)
FN:99,(anonymous_7)
FN:106,(anonymous_8)
FN:120,(anonymous_9)
FN:132,(anonymous_10)
FN:139,(anonymous_11)
FN:152,(anonymous_12)
FN:159,(anonymous_13)
FN:166,(anonymous_14)
FN:171,(anonymous_15)
FN:177,(anonymous_16)
FN:178,(anonymous_17)
FN:187,(anonymous_18)
FNF:19
FNH:0
FNDA:0,(anonymous_0)
FNDA:0,(anonymous_1)
FNDA:0,(anonymous_2)
FNDA:0,(anonymous_3)
FNDA:0,(anonymous_4)
FNDA:0,(anonymous_5)
FNDA:0,(anonymous_6)
FNDA:0,(anonymous_7)
FNDA:0,(anonymous_8)
FNDA:0,(anonymous_9)
FNDA:0,(anonymous_10)
FNDA:0,(anonymous_11)
FNDA:0,(anonymous_12)
FNDA:0,(anonymous_13)
FNDA:0,(anonymous_14)
FNDA:0,(anonymous_15)
FNDA:0,(anonymous_16)
FNDA:0,(anonymous_17)
FNDA:0,(anonymous_18)
DA:20,0
DA:21,0
DA:22,0
DA:25,0
DA:26,0
DA:29,0
DA:34,0
DA:36,0
DA:37,0
DA:45,0
DA:46,0
DA:47,0
DA:49,0
DA:50,0
DA:52,0
DA:54,0
DA:55,0
DA:63,0
DA:64,0
DA:65,0
DA:66,0
DA:68,0
DA:69,0
DA:80,0
DA:81,0
DA:83,0
DA:89,0
DA:90,0
DA:100,0
DA:109,0
DA:125,0
DA:132,0
DA:133,0
DA:134,0
DA:136,0
DA:139,0
DA:140,0
DA:141,0
DA:143,0
DA:146,0
DA:153,0
DA:160,0
DA:167,0
DA:172,0
DA:178,0
DA:179,0
DA:190,0
LF:47
LH:0
BRDA:46,0,0,0
BRDA:49,1,0,0
BRDA:123,2,0,0
BRDA:133,3,0,0
BRDA:140,4,0,0
BRDA:160,5,0,0
BRDA:160,5,1,0
BRF:7
BRH:0
end_of_record
TN:
SF:src/utils/test/test-data.factory.ts
FN:43,(anonymous_0)
FN:63,(anonymous_1)
FN:100,(anonymous_2)
FN:129,(anonymous_3)
FN:169,(anonymous_4)
FN:172,(anonymous_5)
FN:175,(anonymous_6)
FN:178,(anonymous_7)
FN:181,(anonymous_8)
FN:189,(anonymous_9)
FN:192,(anonymous_10)
FN:203,(anonymous_11)
FN:206,(anonymous_12)
FN:214,(anonymous_13)
FN:222,(anonymous_14)
FN:231,(anonymous_15)
FN:244,(anonymous_16)
FN:255,(anonymous_17)
FN:265,(anonymous_18)
FN:275,(anonymous_19)
FN:282,(anonymous_20)
FN:293,(anonymous_21)
FN:302,(anonymous_22)
FN:310,(anonymous_23)
FNF:24
FNH:0
FNDA:0,(anonymous_0)
FNDA:0,(anonymous_1)
FNDA:0,(anonymous_2)
FNDA:0,(anonymous_3)
FNDA:0,(anonymous_4)
FNDA:0,(anonymous_5)
FNDA:0,(anonymous_6)
FNDA:0,(anonymous_7)
FNDA:0,(anonymous_8)
FNDA:0,(anonymous_9)
FNDA:0,(anonymous_10)
FNDA:0,(anonymous_11)
FNDA:0,(anonymous_12)
FNDA:0,(anonymous_13)
FNDA:0,(anonymous_14)
FNDA:0,(anonymous_15)
FNDA:0,(anonymous_16)
FNDA:0,(anonymous_17)
FNDA:0,(anonymous_18)
FNDA:0,(anonymous_19)
FNDA:0,(anonymous_20)
FNDA:0,(anonymous_21)
FNDA:0,(anonymous_22)
FNDA:0,(anonymous_23)
DA:11,0
DA:22,0
DA:34,0
DA:43,0
DA:45,0
DA:63,0
DA:67,0
DA:100,0
DA:106,0
DA:129,0
DA:133,0
DA:164,0
DA:170,0
DA:173,0
DA:176,0
DA:179,0
DA:181,0
DA:190,0
DA:198,0
DA:204,0
DA:212,0
DA:214,0
DA:229,0
DA:239,0
DA:251,0
DA:263,0
DA:266,0
DA:280,0
DA:288,0
DA:298,0
DA:308,0
DA:311,0
LF:32
LH:0
BRDA:44,0,0,0
BRDA:65,1,0,0
BRDA:66,2,0,0
BRDA:105,3,0,0
BRDA:132,4,0,0
BRF:5
BRH:0
end_of_record
